# JRE version: Java(TM) SE Runtime Environment (8.0_131-b11) (build 1.8.0_131-b11)
# Java VM: Java HotSpot(TM) 64-Bit Server VM (25.131-b11 mixed mode windows-amd64 compressed oops)
Heap:
 PSYoungGen      total 153088K, used 120924K [0x0000000715780000, 0x0000000724400000, 0x00000007c0000000)
  eden space 131584K, 84% used [0x0000000715780000,0x000000071c454fc0,0x000000071d800000)
  from space 21504K, 44% used [0x000000071d800000,0x000000071e1420d8,0x000000071ed00000)
  to   space 21504K, 0% used [0x0000000722f00000,0x0000000722f00000,0x0000000724400000)
 ParOldGen       total 193536K, used 7486K [0x00000005c0600000, 0x00000005cc300000, 0x0000000715780000)
  object space 193536K, 3% used [0x00000005c0600000,0x00000005c0d4fa58,0x00000005cc300000)
 Metaspace       used 30469K, capacity 30862K, committed 31232K, reserved 1077248K
  class space    used 3855K, capacity 3974K, committed 4096K, reserved 1048576K
GC Heap History (8 events):
Event: 1.577 GC heap before
{Heap before GC invocations=1 (full 0):
 PSYoungGen      total 153088K, used 131584K [0x0000000715780000, 0x0000000720200000, 0x00000007c0000000)
  eden space 131584K, 100% used [0x0000000715780000,0x000000071d800000,0x000000071d800000)
  from space 21504K, 0% used [0x000000071ed00000,0x000000071ed00000,0x0000000720200000)
  to   space 21504K, 0% used [0x000000071d800000,0x000000071d800000,0x000000071ed00000)
 ParOldGen       total 349696K, used 0K [0x00000005c0600000, 0x00000005d5b80000, 0x0000000715780000)
  object space 349696K, 0% used [0x00000005c0600000,0x00000005c0600000,0x00000005d5b80000)
 Metaspace       used 17408K, capacity 17642K, committed 17792K, reserved 1064960K
  class space    used 2111K, capacity 2159K, committed 2176K, reserved 1048576K
Event: 1.592 GC heap after
Heap after GC invocations=1 (full 0):
 PSYoungGen      total 153088K, used 14695K [0x0000000715780000, 0x0000000720200000, 0x00000007c0000000)
  eden space 131584K, 0% used [0x0000000715780000,0x0000000715780000,0x000000071d800000)
  from space 21504K, 68% used [0x000000071d800000,0x000000071e659d30,0x000000071ed00000)
  to   space 21504K, 0% used [0x000000071ed00000,0x000000071ed00000,0x0000000720200000)
 ParOldGen       total 349696K, used 88K [0x00000005c0600000, 0x00000005d5b80000, 0x0000000715780000)
  object space 349696K, 0% used [0x00000005c0600000,0x00000005c0616010,0x00000005d5b80000)
 Metaspace       used 17408K, capacity 17642K, committed 17792K, reserved 1064960K
  class space    used 2111K, capacity 2159K, committed 2176K, reserved 1048576K
}
Event: 1.880 GC heap before
{Heap before GC invocations=2 (full 0):
 PSYoungGen      total 153088K, used 61203K [0x0000000715780000, 0x0000000720200000, 0x00000007c0000000)
  eden space 131584K, 35% used [0x0000000715780000,0x00000007184eb260,0x000000071d800000)
  from space 21504K, 68% used [0x000000071d800000,0x000000071e659d30,0x000000071ed00000)
  to   space 21504K, 0% used [0x000000071ed00000,0x000000071ed00000,0x0000000720200000)
 ParOldGen       total 349696K, used 88K [0x00000005c0600000, 0x00000005d5b80000, 0x0000000715780000)
  object space 349696K, 0% used [0x00000005c0600000,0x00000005c0616010,0x00000005d5b80000)
 Metaspace       used 20842K, capacity 21132K, committed 21296K, reserved 1069056K
  class space    used 2526K, capacity 2629K, committed 2688K, reserved 1048576K
Event: 1.892 GC heap after
Heap after GC invocations=2 (full 0):
 PSYoungGen      total 153088K, used 7966K [0x0000000715780000, 0x0000000720200000, 0x00000007c0000000)
  eden space 131584K, 0% used [0x0000000715780000,0x0000000715780000,0x000000071d800000)
  from space 21504K, 37% used [0x000000071ed00000,0x000000071f4c7a78,0x0000000720200000)
  to   space 21504K, 0% used [0x000000071d800000,0x000000071d800000,0x000000071ed00000)
 ParOldGen       total 349696K, used 104K [0x00000005c0600000, 0x00000005d5b80000, 0x0000000715780000)
  object space 349696K, 0% used [0x00000005c0600000,0x00000005c061a010,0x00000005d5b80000)
 Metaspace       used 20842K, capacity 21132K, committed 21296K, reserved 1069056K
  class space    used 2526K, capacity 2629K, committed 2688K, reserved 1048576K
}
Event: 1.892 GC heap before
{Heap before GC invocations=3 (full 1):
 PSYoungGen      total 153088K, used 7966K [0x0000000715780000, 0x0000000720200000, 0x00000007c0000000)
  eden space 131584K, 0% used [0x0000000715780000,0x0000000715780000,0x000000071d800000)
  from space 21504K, 37% used [0x000000071ed00000,0x000000071f4c7a78,0x0000000720200000)
  to   space 21504K, 0% used [0x000000071d800000,0x000000071d800000,0x000000071ed00000)
 ParOldGen       total 349696K, used 104K [0x00000005c0600000, 0x00000005d5b80000, 0x0000000715780000)
  object space 349696K, 0% used [0x00000005c0600000,0x00000005c061a010,0x00000005d5b80000)
 Metaspace       used 20842K, capacity 21132K, committed 21296K, reserved 1069056K
  class space    used 2526K, capacity 2629K, committed 2688K, reserved 1048576K
Event: 1.923 GC heap after
Heap after GC invocations=3 (full 1):
 PSYoungGen      total 153088K, used 0K [0x0000000715780000, 0x0000000720200000, 0x00000007c0000000)
  eden space 131584K, 0% used [0x0000000715780000,0x0000000715780000,0x000000071d800000)
  from space 21504K, 0% used [0x000000071ed00000,0x000000071ed00000,0x0000000720200000)
  to   space 21504K, 0% used [0x000000071d800000,0x000000071d800000,0x000000071ed00000)
 ParOldGen       total 193536K, used 7478K [0x00000005c0600000, 0x00000005cc300000, 0x0000000715780000)
  object space 193536K, 3% used [0x00000005c0600000,0x00000005c0d4da58,0x00000005cc300000)
 Metaspace       used 20842K, capacity 21132K, committed 21296K, reserved 1069056K
  class space    used 2526K, capacity 2629K, committed 2688K, reserved 1048576K
}
Event: 3.135 GC heap before
{Heap before GC invocations=4 (full 1):
 PSYoungGen      total 153088K, used 131584K [0x0000000715780000, 0x0000000720200000, 0x00000007c0000000)
  eden space 131584K, 100% used [0x0000000715780000,0x000000071d800000,0x000000071d800000)
  from space 21504K, 0% used [0x000000071ed00000,0x000000071ed00000,0x0000000720200000)
  to   space 21504K, 0% used [0x000000071d800000,0x000000071d800000,0x000000071ed00000)
 ParOldGen       total 193536K, used 7478K [0x00000005c0600000, 0x00000005cc300000, 0x0000000715780000)
  object space 193536K, 3% used [0x00000005c0600000,0x00000005c0d4da58,0x00000005cc300000)
 Metaspace       used 26330K, capacity 26664K, committed 26880K, reserved 1073152K
  class space    used 3250K, capacity 3327K, committed 3328K, reserved 1048576K
Event: 3.141 GC heap after
Heap after GC invocations=4 (full 1):
 PSYoungGen      total 153088K, used 9480K [0x0000000715780000, 0x0000000724400000, 0x00000007c0000000)
  eden space 131584K, 0% used [0x0000000715780000,0x0000000715780000,0x000000071d800000)
  from space 21504K, 44% used [0x000000071d800000,0x000000071e1420d8,0x000000071ed00000)
  to   space 21504K, 0% used [0x0000000722f00000,0x0000000722f00000,0x0000000724400000)
 ParOldGen       total 193536K, used 7486K [0x00000005c0600000, 0x00000005cc300000, 0x0000000715780000)
  object space 193536K, 3% used [0x00000005c0600000,0x00000005c0d4fa58,0x00000005cc300000)
 Metaspace       used 26330K, capacity 26664K, committed 26880K, reserved 1073152K
  class space    used 3250K, capacity 3327K, committed 3328K, reserved 1048576K
}

